<?xml version="1.0" encoding="UTF-8"?>
<!-- Generated by org.testng.reporters.JUnitReportReporter -->
<testsuite hostname="w8" failures="0" tests="1" name="com.jksoft.selenium.BookChildTickets" time="36.854" errors="0" timestamp="25 Jun 2018 05:09:38 GMT">
  <testcase classname="com.jksoft.selenium.BookChildTickets" name="bookAdultTicket" time="36.854"/>
</testsuite> <!-- com.jksoft.selenium.BookChildTickets -->
