<?xml version="1.0" encoding="UTF-8"?>
<!-- Generated by org.testng.reporters.JUnitReportReporter -->
<testsuite hostname="w8" failures="0" tests="1" name="com.jksoft.selenium.BookTickets" time="35.881" errors="0" timestamp="25 Jun 2018 05:09:38 GMT">
  <testcase classname="com.jksoft.selenium.BookTickets" name="bookAdultTicket" time="35.881"/>
</testsuite> <!-- com.jksoft.selenium.BookTickets -->
